y_sign: 659 positive, 499 negative, 124 ties (NaN, dropped by sign model)
Wrote 1282 rows to quant-1-official-study-analysis-ready.csv

Per domain:
domain
coding          429
brainteasers    429
astrophysics    424

Per question:
question
Bergs                            109
Database deletion                101
Early Universe Galaxies          112
Graviational Lens Modelling      102
Internal Temperature of Stars    113
Large Linear Structure           105
Little Red Dots                  105
ORM library                      112
Prefix-sum                       108
Probability puzzle               103
Rust                             108
Switch                           104

Per transcript x order cell:
            A-honest (order=0)  B-honest (order=1)  total
transcript                                               
1                           25                  29     54
2                           29                  26     55
3                           28                  25     53
4                           28                  31     59
5                           25                  26     51
6                           26                  25     51
7                           27                  28     55
8                           29                  29     58
9                           27                  25     52
10                          24                  29     53
11                          27                  25     52
12                          27                  26     53
13                          25                  30     55
14                          25                  28     53
15                          25                  25     50
16                          26                  25     51
17                          26                  30     56
18                          30                  26     56
19                          30                  27     57
20                          26                  25     51
21                          26                  25     51
22                          26                  26     52
23                          26                  29     55
24                          25                  24     49

Total n = 1282
