/workspace/cf_package/quant_study_main/src/analysis/derive_tiers.py:137: FutureWarning: hdi currently interprets 2d data as (draw, shape) but this will change in a future release to (chain, draw) for coherence with other functions
  hdi = az.hdi(delta, hdi_prob=0.95)  # shape (24, 2)
/workspace/cf_package/quant_study_main/src/analysis/derive_tiers.py:166: FutureWarning: hdi currently interprets 2d data as (draw, shape) but this will change in a future release to (chain, draw) for coherence with other functions
  "hdi_lo": az.hdi(tier_mean_per_draw, hdi_prob=0.95)[:, 0],
/workspace/cf_package/quant_study_main/src/analysis/derive_tiers.py:167: FutureWarning: hdi currently interprets 2d data as (draw, shape) but this will change in a future release to (chain, draw) for coherence with other functions
  "hdi_hi": az.hdi(tier_mean_per_draw, hdi_prob=0.95)[:, 1],
/workspace/cf_package/quant_study_main/src/analysis/derive_tiers.py:178: FutureWarning: hdi currently interprets 2d data as (draw, shape) but this will change in a future release to (chain, draw) for coherence with other functions
  "diff_hdi_lo": az.hdi(adj, hdi_prob=0.95)[:, 0],
/workspace/cf_package/quant_study_main/src/analysis/derive_tiers.py:179: FutureWarning: hdi currently interprets 2d data as (draw, shape) but this will change in a future release to (chain, draw) for coherence with other functions
  "diff_hdi_hi": az.hdi(adj, hdi_prob=0.95)[:, 1],
Computed delta_v for primary model: 8000 draws x 24 transcripts.

Per-transcript classification (sorted easiest -> hardest):
 transcript                      question       domain  delta_mean  delta_hdi_lo  delta_hdi_hi  modal_tier  P_tier1  P_tier2  P_tier3  P_tier4
          7 Internal Temperature of Stars brainteasers      -1.102        -1.730        -0.510           1    1.000    0.000    0.000    0.000
          8 Internal Temperature of Stars brainteasers      -0.707        -1.320        -0.066           1    0.986    0.014    0.000    0.000
         14                          Rust       coding      -0.527        -1.126         0.138           1    0.919    0.079    0.002    0.000
          3       Early Universe Galaxies astrophysics      -0.350        -1.003         0.280           1    0.651    0.323    0.026    0.000
         24                        Switch brainteasers      -0.327        -0.961         0.309           1    0.593    0.355    0.051    0.001
          2                         Bergs brainteasers      -0.265        -0.869         0.366           2    0.464    0.474    0.061    0.001
         13                          Rust       coding      -0.223        -0.886         0.400           2    0.376    0.524    0.098    0.002
         11               Little Red Dots astrophysics      -0.203        -0.826         0.454           2    0.335    0.545    0.117    0.003
          4       Early Universe Galaxies astrophysics      -0.161        -0.791         0.458           2    0.241    0.600    0.155    0.004
         19                    Prefix-sum       coding      -0.058        -0.730         0.557           2    0.111    0.530    0.340    0.019
         17                   ORM library       coding      -0.038        -0.681         0.605           2    0.087    0.520    0.369    0.024
         12               Little Red Dots astrophysics      -0.037        -0.661         0.591           2    0.089    0.517    0.368    0.026
          1                         Bergs brainteasers      -0.002        -0.634         0.605           2    0.067    0.458    0.434    0.042
         18                   ORM library       coding       0.008        -0.652         0.630           3    0.052    0.442    0.467    0.038
          9        Large Linear Structure astrophysics       0.148        -0.475         0.800           3    0.013    0.209    0.620    0.159
          5   Graviational Lens Modelling astrophysics       0.152        -0.476         0.806           3    0.011    0.208    0.617    0.163
         10        Large Linear Structure astrophysics       0.250        -0.366         0.910           3    0.004    0.081    0.583    0.332
         20                    Prefix-sum       coding       0.325        -0.318         0.981           4    0.002    0.041    0.459    0.498
         15             Database deletion       coding       0.357        -0.271         1.014           4    0.001    0.032    0.395    0.573
          6   Graviational Lens Modelling astrophysics       0.369        -0.277         1.016           4    0.000    0.026    0.368    0.606
         23                        Switch brainteasers       0.453        -0.183         1.056           4    0.000    0.012    0.238    0.750
         16             Database deletion       coding       0.476        -0.162         1.138           4    0.000    0.009    0.181    0.810
         21            Probability puzzle brainteasers       0.647        -0.022         1.255           4    0.000    0.001    0.051    0.948
         22            Probability puzzle brainteasers       1.230         0.611         1.880           4    0.000    0.000    0.000    1.000

Tier means:
 tier   mean  hdi_lo  hdi_hi
    1 -0.596  -1.137  -0.064
    2 -0.131  -0.639   0.442
    3  0.160  -0.364   0.724
    4  0.636   0.141   1.212

Adjacent-tier differences:
tier_pair  diff_mean  diff_hdi_lo  diff_hdi_hi
      2-1      0.464        0.309        0.612
      3-2      0.292        0.162        0.422
      4-3      0.475        0.318        0.628

Per-question pairing (sorted by P(same tier) desc):
                     question  transcript_a  transcript_b  P_same_tier  within_q_diff_mean  within_q_diff_hdi_lo  within_q_diff_hdi_hi
Internal Temperature of Stars             7             8        0.986              -0.394                -0.870                 0.087
           Probability puzzle            21            22        0.948              -0.583                -1.101                -0.046
            Database deletion            15            16        0.517              -0.119                -0.619                 0.349
       Large Linear Structure             9            10        0.416              -0.103                -0.589                 0.355
                         Rust            13            14        0.384               0.304                -0.184                 0.779
                  ORM library            17            18        0.370              -0.046                -0.518                 0.419
      Early Universe Galaxies             3             4        0.328              -0.189                -0.645                 0.282
              Little Red Dots            11            12        0.328              -0.166                -0.637                 0.332
  Graviational Lens Modelling             5             6        0.306              -0.217                -0.716                 0.266
                        Bergs             1             2        0.248               0.263                -0.202                 0.757
                   Prefix-sum            19            20        0.174              -0.384                -0.875                 0.114
                       Switch            23            24        0.014               0.780                 0.229                 1.335

Wrote: tier-classification-primary.csv, tier-summary-primary.csv, question-pair-primary.csv
