/workspace/cf_package/quant_study_main/src/analysis/derive_tiers.py:137: FutureWarning: hdi currently interprets 2d data as (draw, shape) but this will change in a future release to (chain, draw) for coherence with other functions
  hdi = az.hdi(delta, hdi_prob=0.95)  # shape (24, 2)
/workspace/cf_package/quant_study_main/src/analysis/derive_tiers.py:166: FutureWarning: hdi currently interprets 2d data as (draw, shape) but this will change in a future release to (chain, draw) for coherence with other functions
  "hdi_lo": az.hdi(tier_mean_per_draw, hdi_prob=0.95)[:, 0],
/workspace/cf_package/quant_study_main/src/analysis/derive_tiers.py:167: FutureWarning: hdi currently interprets 2d data as (draw, shape) but this will change in a future release to (chain, draw) for coherence with other functions
  "hdi_hi": az.hdi(tier_mean_per_draw, hdi_prob=0.95)[:, 1],
/workspace/cf_package/quant_study_main/src/analysis/derive_tiers.py:178: FutureWarning: hdi currently interprets 2d data as (draw, shape) but this will change in a future release to (chain, draw) for coherence with other functions
  "diff_hdi_lo": az.hdi(adj, hdi_prob=0.95)[:, 0],
/workspace/cf_package/quant_study_main/src/analysis/derive_tiers.py:179: FutureWarning: hdi currently interprets 2d data as (draw, shape) but this will change in a future release to (chain, draw) for coherence with other functions
  "diff_hdi_hi": az.hdi(adj, hdi_prob=0.95)[:, 1],
Computed delta_v for secondary model: 8000 draws x 24 transcripts.

Per-transcript classification (sorted easiest -> hardest):
 transcript                      question       domain  delta_mean  delta_hdi_lo  delta_hdi_hi  modal_tier  P_tier1  P_tier2  P_tier3  P_tier4
          7 Internal Temperature of Stars brainteasers      -0.446        -0.851        -0.031           1    0.986    0.014    0.000    0.000
          8 Internal Temperature of Stars brainteasers      -0.311        -0.730         0.069           1    0.921    0.073    0.006    0.000
          2                         Bergs brainteasers      -0.189        -0.589         0.215           1    0.768    0.200    0.030    0.002
         14                          Rust       coding      -0.147        -0.607         0.298           1    0.673    0.268    0.054    0.006
         21            Probability puzzle brainteasers      -0.014        -0.443         0.419           2    0.370    0.375    0.203    0.052
          1                         Bergs brainteasers      -0.006        -0.416         0.412           2    0.349    0.400    0.210    0.040
         11               Little Red Dots astrophysics       0.020        -0.411         0.488           2    0.270    0.446    0.238    0.046
         24                        Switch brainteasers       0.024        -0.398         0.467           2    0.288    0.388    0.248    0.077
         10        Large Linear Structure astrophysics       0.035        -0.412         0.467           2    0.240    0.442    0.263    0.055
         12               Little Red Dots astrophysics       0.049        -0.389         0.500           2    0.215    0.439    0.280    0.067
          9        Large Linear Structure astrophysics       0.050        -0.387         0.487           2    0.210    0.433    0.290    0.066
          3       Early Universe Galaxies astrophysics       0.088        -0.361         0.502           2    0.148    0.398    0.355    0.099
         13                          Rust       coding       0.095        -0.365         0.532           2    0.160    0.369    0.357    0.114
          5   Graviational Lens Modelling astrophysics       0.099        -0.346         0.550           2    0.138    0.381    0.364    0.117
         19                    Prefix-sum       coding       0.116        -0.337         0.524           3    0.113    0.360    0.398    0.129
         18                   ORM library       coding       0.176        -0.269         0.612           3    0.059    0.276    0.430    0.235
          4       Early Universe Galaxies astrophysics       0.229        -0.196         0.648           3    0.024    0.188    0.457    0.332
          6   Graviational Lens Modelling astrophysics       0.253        -0.196         0.699           3    0.022    0.177    0.407    0.394
         17                   ORM library       coding       0.277        -0.164         0.693           4    0.017    0.124    0.399    0.460
         20                    Prefix-sum       coding       0.279        -0.178         0.719           4    0.020    0.132    0.384    0.464
         15             Database deletion       coding       0.373        -0.078         0.809           4    0.004    0.055    0.251    0.690
         23                        Switch brainteasers       0.443         0.019         0.866           4    0.002    0.029    0.167    0.802
         22            Probability puzzle brainteasers       0.462         0.046         0.928           4    0.003    0.029    0.146    0.823
         16             Database deletion       coding       0.530         0.086         0.983           4    0.000    0.005    0.065    0.930

Tier means:
 tier   mean  hdi_lo  hdi_hi
    1 -0.255  -0.567   0.033
    2  0.021  -0.299   0.321
    3  0.196  -0.117   0.505
    4  0.452   0.126   0.765

Adjacent-tier differences:
tier_pair  diff_mean  diff_hdi_lo  diff_hdi_hi
      2-1      0.276        0.148        0.405
      3-2      0.176        0.084        0.276
      4-3      0.255        0.120        0.394

Per-question pairing (sorted by P(same tier) desc):
                     question  transcript_a  transcript_b  P_same_tier  within_q_diff_mean  within_q_diff_hdi_lo  within_q_diff_hdi_hi
Internal Temperature of Stars             7             8        0.910              -0.135                -0.554                 0.261
            Database deletion            15            16        0.658              -0.157                -0.609                 0.232
                        Bergs             1             2        0.353               0.183                -0.218                 0.628
       Large Linear Structure             9            10        0.330               0.016                -0.389                 0.413
              Little Red Dots            11            12        0.326              -0.029                -0.449                 0.373
                  ORM library            17            18        0.315               0.102                -0.294                 0.516
      Early Universe Galaxies             3             4        0.278              -0.141                -0.570                 0.235
  Graviational Lens Modelling             5             6        0.267              -0.154                -0.596                 0.245
                   Prefix-sum            19            20        0.266              -0.163                -0.598                 0.248
                         Rust            13            14        0.228               0.241                -0.184                 0.668
                       Switch            23            24        0.120               0.419                -0.040                 0.912
           Probability puzzle            21            22        0.091              -0.476                -0.957                 0.038

Wrote: tier-classification-secondary.csv, tier-summary-secondary.csv, question-pair-secondary.csv
