/workspace/cf_package/quant_study_main/src/analysis/derive_tiers.py:137: FutureWarning: hdi currently interprets 2d data as (draw, shape) but this will change in a future release to (chain, draw) for coherence with other functions
  hdi = az.hdi(delta, hdi_prob=0.95)  # shape (24, 2)
/workspace/cf_package/quant_study_main/src/analysis/derive_tiers.py:166: FutureWarning: hdi currently interprets 2d data as (draw, shape) but this will change in a future release to (chain, draw) for coherence with other functions
  "hdi_lo": az.hdi(tier_mean_per_draw, hdi_prob=0.95)[:, 0],
/workspace/cf_package/quant_study_main/src/analysis/derive_tiers.py:167: FutureWarning: hdi currently interprets 2d data as (draw, shape) but this will change in a future release to (chain, draw) for coherence with other functions
  "hdi_hi": az.hdi(tier_mean_per_draw, hdi_prob=0.95)[:, 1],
/workspace/cf_package/quant_study_main/src/analysis/derive_tiers.py:178: FutureWarning: hdi currently interprets 2d data as (draw, shape) but this will change in a future release to (chain, draw) for coherence with other functions
  "diff_hdi_lo": az.hdi(adj, hdi_prob=0.95)[:, 0],
/workspace/cf_package/quant_study_main/src/analysis/derive_tiers.py:179: FutureWarning: hdi currently interprets 2d data as (draw, shape) but this will change in a future release to (chain, draw) for coherence with other functions
  "diff_hdi_hi": az.hdi(adj, hdi_prob=0.95)[:, 1],
Computed delta_v for secondary-t model: 8000 draws x 24 transcripts.

Per-transcript classification (sorted easiest -> hardest):
 transcript                      question       domain  delta_mean  delta_hdi_lo  delta_hdi_hi  modal_tier  P_tier1  P_tier2  P_tier3  P_tier4
          7 Internal Temperature of Stars brainteasers      -0.324        -0.632        -0.015           1    0.985    0.014    0.000    0.000
          8 Internal Temperature of Stars brainteasers      -0.207        -0.523         0.071           1    0.887    0.100    0.012    0.001
          9        Large Linear Structure astrophysics      -0.096        -0.419         0.221           1    0.620    0.297    0.074    0.010
         10        Large Linear Structure astrophysics      -0.093        -0.425         0.233           1    0.610    0.299    0.079    0.012
         11               Little Red Dots astrophysics      -0.065        -0.375         0.254           1    0.511    0.376    0.101    0.012
          2                         Bergs brainteasers      -0.041        -0.332         0.255           1    0.421    0.391    0.159    0.029
         14                          Rust       coding      -0.020        -0.376         0.315           2    0.358    0.382    0.201    0.059
         12               Little Red Dots astrophysics      -0.010        -0.335         0.290           2    0.314    0.450    0.203    0.033
         24                        Switch brainteasers       0.014        -0.306         0.318           2    0.268    0.377    0.261    0.094
         21            Probability puzzle brainteasers       0.021        -0.309         0.320           2    0.254    0.370    0.271    0.105
         17                   ORM library       coding       0.058        -0.259         0.374           2    0.131    0.390    0.358    0.121
          1                         Bergs brainteasers       0.062        -0.245         0.356           2    0.155    0.360    0.339    0.147
          3       Early Universe Galaxies astrophysics       0.086        -0.236         0.411           3    0.095    0.327    0.390    0.188
          5   Graviational Lens Modelling astrophysics       0.106        -0.213         0.422           3    0.065    0.275    0.428    0.232
         18                   ORM library       coding       0.109        -0.213         0.420           3    0.060    0.289    0.419    0.232
         13                          Rust       coding       0.115        -0.229         0.440           3    0.077    0.260    0.396    0.268
         19                    Prefix-sum       coding       0.117        -0.223         0.435           3    0.059    0.262    0.400    0.279
          4       Early Universe Galaxies astrophysics       0.121        -0.185         0.440           3    0.041    0.252    0.442    0.264
         20                    Prefix-sum       coding       0.174        -0.153         0.530           4    0.029    0.153    0.363    0.454
          6   Graviational Lens Modelling astrophysics       0.180        -0.145         0.500           4    0.019    0.132    0.375    0.474
         22            Probability puzzle brainteasers       0.190        -0.116         0.512           4    0.030    0.146    0.322    0.501
         23                        Switch brainteasers       0.249        -0.055         0.575           4    0.007    0.070    0.237    0.685
         15             Database deletion       coding       0.313        -0.028         0.668           4    0.003    0.027    0.135    0.835
         16             Database deletion       coding       0.397         0.064         0.745           4    0.000    0.002    0.034    0.964

Tier means:
 tier   mean  hdi_lo  hdi_hi
    1 -0.184  -0.417   0.036
    2  0.004  -0.218   0.231
    3  0.123  -0.112   0.344
    4  0.300   0.069   0.551

Adjacent-tier differences:
tier_pair  diff_mean  diff_hdi_lo  diff_hdi_hi
      2-1      0.188        0.098        0.289
      3-2      0.119        0.052        0.192
      4-3      0.177        0.086        0.281

Per-question pairing (sorted by P(same tier) desc):
                     question  transcript_a  transcript_b  P_same_tier  within_q_diff_mean  within_q_diff_hdi_lo  within_q_diff_hdi_hi
Internal Temperature of Stars             7             8        0.878              -0.117                -0.423                 0.138
            Database deletion            15            16        0.814              -0.084                -0.391                 0.203
       Large Linear Structure             9            10        0.528              -0.003                -0.307                 0.263
              Little Red Dots            11            12        0.395              -0.055                -0.317                 0.203
                   Prefix-sum            19            20        0.373              -0.056                -0.360                 0.234
      Early Universe Galaxies             3             4        0.363              -0.035                -0.313                 0.236
                  ORM library            17            18        0.351              -0.051                -0.329                 0.198
  Graviational Lens Modelling             5             6        0.350              -0.074                -0.362                 0.187
                        Bergs             1             2        0.321               0.103                -0.158                 0.428
                         Rust            13            14        0.266               0.135                -0.144                 0.456
           Probability puzzle            21            22        0.244              -0.169                -0.534                 0.109
                       Switch            23            24        0.185               0.235                -0.066                 0.589

Wrote: tier-classification-secondary-t.csv, tier-summary-secondary-t.csv, question-pair-secondary-t.csv
