/workspace/cf_package/quant_study_main/src/analysis/derive_tiers_3.py:132: FutureWarning: hdi currently interprets 2d data as (draw, shape) but this will change in a future release to (chain, draw) for coherence with other functions
  hdi = az.hdi(delta, hdi_prob=0.95)
/workspace/cf_package/quant_study_main/src/analysis/derive_tiers_3.py:165: FutureWarning: hdi currently interprets 2d data as (draw, shape) but this will change in a future release to (chain, draw) for coherence with other functions
  "hdi_lo": az.hdi(tier_mean_per_draw, hdi_prob=0.95)[:, 0],
/workspace/cf_package/quant_study_main/src/analysis/derive_tiers_3.py:166: FutureWarning: hdi currently interprets 2d data as (draw, shape) but this will change in a future release to (chain, draw) for coherence with other functions
  "hdi_hi": az.hdi(tier_mean_per_draw, hdi_prob=0.95)[:, 1],
/workspace/cf_package/quant_study_main/src/analysis/derive_tiers_3.py:176: FutureWarning: hdi currently interprets 2d data as (draw, shape) but this will change in a future release to (chain, draw) for coherence with other functions
  "diff_hdi_lo": az.hdi(adj, hdi_prob=0.95)[:, 0],
/workspace/cf_package/quant_study_main/src/analysis/derive_tiers_3.py:177: FutureWarning: hdi currently interprets 2d data as (draw, shape) but this will change in a future release to (chain, draw) for coherence with other functions
  "diff_hdi_hi": az.hdi(adj, hdi_prob=0.95)[:, 1],
Computed delta_v for secondary model (3-tier exploratory): 8000 draws x 24 transcripts.

Per-transcript classification (sorted easiest -> hardest):
 transcript                      question       domain  delta_mean  delta_hdi_lo  delta_hdi_hi  modal_tier  P_tier1  P_tier2  P_tier3
          7 Internal Temperature of Stars brainteasers      -0.446        -0.851        -0.031           1    0.996    0.004    0.000
          8 Internal Temperature of Stars brainteasers      -0.311        -0.730         0.069           1    0.966    0.034    0.001
          2                         Bergs brainteasers      -0.189        -0.589         0.215           1    0.876    0.118    0.006
         14                          Rust       coding      -0.147        -0.607         0.298           1    0.803    0.182    0.015
         21            Probability puzzle brainteasers      -0.014        -0.443         0.419           1    0.518    0.381    0.101
          1                         Bergs brainteasers      -0.006        -0.416         0.412           1    0.509    0.408    0.083
         11               Little Red Dots astrophysics       0.020        -0.411         0.488           2    0.424    0.475    0.101
         24                        Switch brainteasers       0.024        -0.398         0.467           1    0.430    0.428    0.142
         10        Large Linear Structure astrophysics       0.035        -0.412         0.467           2    0.396    0.485    0.118
         12               Little Red Dots astrophysics       0.049        -0.389         0.500           2    0.360    0.507    0.133
          9        Large Linear Structure astrophysics       0.050        -0.387         0.487           2    0.355    0.511    0.134
          3       Early Universe Galaxies astrophysics       0.088        -0.361         0.502           2    0.265    0.540    0.195
         13                          Rust       coding       0.095        -0.365         0.532           2    0.273    0.511    0.216
          5   Graviational Lens Modelling astrophysics       0.099        -0.346         0.550           2    0.252    0.532    0.215
         19                    Prefix-sum       coding       0.116        -0.337         0.524           2    0.217    0.540    0.243
         18                   ORM library       coding       0.176        -0.269         0.612           2    0.127    0.482    0.391
          4       Early Universe Galaxies astrophysics       0.229        -0.196         0.648           3    0.062    0.433    0.505
          6   Graviational Lens Modelling astrophysics       0.253        -0.196         0.699           3    0.058    0.377    0.565
         17                   ORM library       coding       0.277        -0.164         0.693           3    0.041    0.323    0.637
         20                    Prefix-sum       coding       0.279        -0.178         0.719           3    0.046    0.328    0.626
         15             Database deletion       coding       0.373        -0.078         0.809           3    0.011    0.176    0.813
         23                        Switch brainteasers       0.443         0.019         0.866           3    0.008    0.099    0.893
         22            Probability puzzle brainteasers       0.462         0.046         0.928           3    0.007    0.096    0.898
         16             Database deletion       coding       0.530         0.086         0.983           3    0.001    0.030    0.969

Tier means:
 tier   mean  hdi_lo  hdi_hi
    1 -0.201  -0.511   0.088
    2  0.108  -0.209   0.410
    3  0.403   0.082   0.710

Adjacent-tier differences:
tier_pair  diff_mean  diff_hdi_lo  diff_hdi_hi
      2-1      0.310        0.189        0.431
      3-2      0.295        0.162        0.428

Per-question pairing (sorted by P(same tier) desc):
                     question  transcript_a  transcript_b  P_same_tier  within_q_diff_mean  within_q_diff_hdi_lo  within_q_diff_hdi_hi
Internal Temperature of Stars             7             8        0.962              -0.135                -0.554                 0.261
            Database deletion            15            16        0.794              -0.157                -0.609                 0.232
                        Bergs             1             2        0.505               0.183                -0.218                 0.628
                  ORM library            17            18        0.422               0.102                -0.294                 0.516
       Large Linear Structure             9            10        0.417               0.016                -0.389                 0.413
              Little Red Dots            11            12        0.415              -0.029                -0.449                 0.373
      Early Universe Galaxies             3             4        0.364              -0.141                -0.570                 0.235
  Graviational Lens Modelling             5             6        0.352              -0.154                -0.596                 0.245
                   Prefix-sum            19            20        0.347              -0.163                -0.598                 0.248
                         Rust            13            14        0.328               0.241                -0.184                 0.668
                       Switch            23            24        0.181               0.419                -0.040                 0.912
           Probability puzzle            21            22        0.140              -0.476                -0.957                 0.038

Wrote: tier3-classification-secondary.csv, tier3-summary-secondary.csv, tier3-question-pair-secondary.csv
