/workspace/cf_package/quant_study_main/src/analysis/derive_tiers_3.py:132: FutureWarning: hdi currently interprets 2d data as (draw, shape) but this will change in a future release to (chain, draw) for coherence with other functions
  hdi = az.hdi(delta, hdi_prob=0.95)
/workspace/cf_package/quant_study_main/src/analysis/derive_tiers_3.py:165: FutureWarning: hdi currently interprets 2d data as (draw, shape) but this will change in a future release to (chain, draw) for coherence with other functions
  "hdi_lo": az.hdi(tier_mean_per_draw, hdi_prob=0.95)[:, 0],
/workspace/cf_package/quant_study_main/src/analysis/derive_tiers_3.py:166: FutureWarning: hdi currently interprets 2d data as (draw, shape) but this will change in a future release to (chain, draw) for coherence with other functions
  "hdi_hi": az.hdi(tier_mean_per_draw, hdi_prob=0.95)[:, 1],
/workspace/cf_package/quant_study_main/src/analysis/derive_tiers_3.py:176: FutureWarning: hdi currently interprets 2d data as (draw, shape) but this will change in a future release to (chain, draw) for coherence with other functions
  "diff_hdi_lo": az.hdi(adj, hdi_prob=0.95)[:, 0],
/workspace/cf_package/quant_study_main/src/analysis/derive_tiers_3.py:177: FutureWarning: hdi currently interprets 2d data as (draw, shape) but this will change in a future release to (chain, draw) for coherence with other functions
  "diff_hdi_hi": az.hdi(adj, hdi_prob=0.95)[:, 1],
Computed delta_v for secondary-t model (3-tier exploratory): 8000 draws x 24 transcripts.

Per-transcript classification (sorted easiest -> hardest):
 transcript                      question       domain  delta_mean  delta_hdi_lo  delta_hdi_hi  modal_tier  P_tier1  P_tier2  P_tier3
          7 Internal Temperature of Stars brainteasers      -0.324        -0.632        -0.015           1    0.994    0.005    0.000
          8 Internal Temperature of Stars brainteasers      -0.207        -0.523         0.071           1    0.943    0.054    0.003
          9        Large Linear Structure astrophysics      -0.096        -0.419         0.221           1    0.767    0.209    0.024
         10        Large Linear Structure astrophysics      -0.093        -0.425         0.233           1    0.749    0.225    0.026
         11               Little Red Dots astrophysics      -0.065        -0.375         0.254           1    0.685    0.287    0.028
          2                         Bergs brainteasers      -0.041        -0.332         0.255           1    0.582    0.357    0.062
         14                          Rust       coding      -0.020        -0.376         0.315           1    0.504    0.389    0.107
         12               Little Red Dots astrophysics      -0.010        -0.335         0.290           1    0.488    0.438    0.074
         24                        Switch brainteasers       0.014        -0.306         0.318           2    0.399    0.438    0.163
         21            Probability puzzle brainteasers       0.021        -0.309         0.320           2    0.380    0.443    0.176
         17                   ORM library       coding       0.058        -0.259         0.374           2    0.245    0.533    0.222
          1                         Bergs brainteasers       0.062        -0.245         0.356           2    0.266    0.483    0.251
          3       Early Universe Galaxies astrophysics       0.086        -0.236         0.411           2    0.180    0.510    0.309
          5   Graviational Lens Modelling astrophysics       0.106        -0.213         0.422           2    0.134    0.494    0.372
         18                   ORM library       coding       0.109        -0.213         0.420           2    0.128    0.493    0.379
         13                          Rust       coding       0.115        -0.229         0.440           2    0.144    0.448    0.408
         19                    Prefix-sum       coding       0.117        -0.223         0.435           2    0.120    0.461    0.419
          4       Early Universe Galaxies astrophysics       0.121        -0.185         0.440           2    0.096    0.479    0.425
         20                    Prefix-sum       coding       0.174        -0.153         0.530           3    0.060    0.338    0.601
          6   Graviational Lens Modelling astrophysics       0.180        -0.145         0.500           3    0.044    0.327    0.628
         22            Probability puzzle brainteasers       0.190        -0.116         0.512           3    0.063    0.301    0.636
         23                        Switch brainteasers       0.249        -0.055         0.575           3    0.021    0.180    0.799
         15             Database deletion       coding       0.313        -0.028         0.668           3    0.006    0.089    0.904
         16             Database deletion       coding       0.397         0.064         0.745           3    0.000    0.015    0.984

Tier means:
 tier   mean  hdi_lo  hdi_hi
    1 -0.148  -0.372   0.073
    2  0.064  -0.163   0.285
    3  0.266   0.033   0.502

Adjacent-tier differences:
tier_pair  diff_mean  diff_hdi_lo  diff_hdi_hi
      2-1      0.211        0.119        0.306
      3-2      0.202        0.111        0.300

Per-question pairing (sorted by P(same tier) desc):
                     question  transcript_a  transcript_b  P_same_tier  within_q_diff_mean  within_q_diff_hdi_lo  within_q_diff_hdi_hi
Internal Temperature of Stars             7             8        0.939              -0.117                -0.423                 0.138
            Database deletion            15            16        0.894              -0.084                -0.391                 0.203
       Large Linear Structure             9            10        0.669              -0.003                -0.307                 0.263
              Little Red Dots            11            12        0.514              -0.055                -0.317                 0.203
                   Prefix-sum            19            20        0.484              -0.056                -0.360                 0.234
  Graviational Lens Modelling             5             6        0.453              -0.074                -0.362                 0.187
      Early Universe Galaxies             3             4        0.448              -0.035                -0.313                 0.236
                  ORM library            17            18        0.442              -0.051                -0.329                 0.198
                        Bergs             1             2        0.406               0.103                -0.158                 0.428
                         Rust            13            14        0.349               0.135                -0.144                 0.456
           Probability puzzle            21            22        0.331              -0.169                -0.534                 0.109
                       Switch            23            24        0.251               0.235                -0.066                 0.589

Wrote: tier3-classification-secondary-t.csv, tier3-summary-secondary-t.csv, tier3-question-pair-secondary-t.csv
